{
  "Cucumber Features": {
    "coverage": {
      "/home/ec2-user/environment/test/cs606project/app/models/admin.rb": [
        1,
        1,
        null,
        1,
        null,
        1,
        null,
        null,
        1,
        1,
        null,
        1,
        1,
        0,
        null,
        0,
        null,
        null,
        null
      ],
      "/home/ec2-user/environment/test/cs606project/app/models/user.rb": [
        1,
        1,
        1,
        1,
        null,
        1,
        null,
        1,
        1,
        null,
        null,
        null,
        1,
        1,
        null,
        1,
        1,
        0,
        null,
        0,
        null,
        null
      ],
      "/home/ec2-user/environment/test/cs606project/app/controllers/pages_controller.rb": [
        1,
        1,
        null,
        null,
        1,
        null,
        null
      ],
      "/home/ec2-user/environment/test/cs606project/app/controllers/application_controller.rb": [
        1,
        null,
        null,
        1,
        null
      ],
      "/home/ec2-user/environment/test/cs606project/app/helpers/application_helper.rb": [
        1,
        null
      ],
      "/home/ec2-user/environment/test/cs606project/app/controllers/adminsession_controller.rb": [
        1,
        1,
        null,
        null,
        1,
        2,
        null,
        2,
        1,
        1,
        null,
        1,
        1,
        null,
        null,
        null,
        null,
        null,
        null,
        null,
        null,
        null,
        null,
        null,
        null
      ],
      "/home/ec2-user/environment/test/cs606project/app/controllers/suits_controller.rb": [
        1,
        1,
        1,
        4,
        null,
        1,
        1,
        null,
        null,
        1,
        null,
        null,
        1,
        1,
        1,
        0,
        null,
        1,
        null,
        1,
        1,
        null,
        0,
        null,
        null,
        1,
        1,
        1,
        1,
        null,
        0,
        null,
        null,
        null,
        1,
        null,
        null,
        null,
        1,
        1,
        1,
        1,
        null,
        null,
        1,
        1,
        5,
        null,
        null,
        1,
        2,
        null,
        null
      ],
      "/home/ec2-user/environment/test/cs606project/app/models/suit.rb": [
        1,
        1,
        1,
        1,
        1,
        null
      ],
      "/home/ec2-user/environment/test/cs606project/app/controllers/users_controller.rb": [
        1,
        1,
        5,
        null,
        1,
        3,
        null,
        1,
        3,
        3,
        2,
        2,
        null,
        1,
        null,
        null,
        1,
        2,
        null,
        1,
        2,
        2,
        null,
        1,
        null,
        1,
        null,
        null,
        1,
        4,
        null,
        1,
        1,
        1,
        1,
        1,
        null,
        null,
        1,
        1,
        5,
        null,
        null,
        null
      ],
      "/home/ec2-user/environment/test/cs606project/app/controllers/admins_controller.rb": [
        1,
        1,
        2,
        null,
        null,
        null,
        null,
        null,
        null,
        null,
        null,
        1,
        2,
        2,
        1,
        1,
        null,
        1,
        null,
        null,
        null,
        null,
        null,
        null,
        null,
        null,
        null,
        null,
        null,
        null,
        null,
        null,
        null,
        null,
        null,
        null,
        null,
        null,
        null,
        1,
        1,
        2,
        null,
        null,
        null
      ],
      "/home/ec2-user/environment/test/cs606project/app/controllers/session_controller.rb": [
        1,
        1,
        null,
        null,
        1,
        2,
        null,
        2,
        1,
        1,
        null,
        1,
        1,
        null,
        null,
        null,
        null,
        null,
        null,
        null,
        null,
        null,
        null,
        null,
        null
      ]
    },
    "timestamp": 1521841024
  },
  "RSpec": {
    "coverage": {
      "/home/ec2-user/environment/test/cs606project/app/models/suit.rb": [
        1,
        1,
        1,
        1,
        1,
        null
      ],
      "/home/ec2-user/environment/test/cs606project/app/helpers/application_helper.rb": [
        1,
        null
      ],
      "/home/ec2-user/environment/test/cs606project/app/controllers/admins_controller.rb": [
        1,
        1,
        1,
        null,
        null,
        null,
        null,
        null,
        null,
        null,
        null,
        1,
        4,
        4,
        2,
        2,
        null,
        2,
        null,
        null,
        null,
        null,
        null,
        null,
        null,
        null,
        null,
        null,
        null,
        null,
        null,
        null,
        null,
        null,
        null,
        null,
        null,
        null,
        null,
        1,
        1,
        4,
        null,
        null,
        null
      ],
      "/home/ec2-user/environment/test/cs606project/app/controllers/application_controller.rb": [
        1,
        null,
        null,
        1,
        null
      ],
      "/home/ec2-user/environment/test/cs606project/app/controllers/adminsession_controller.rb": [
        1,
        1,
        null,
        null,
        1,
        2,
        null,
        2,
        1,
        1,
        null,
        1,
        1,
        null,
        null,
        null,
        null,
        null,
        null,
        null,
        null,
        null,
        null,
        null,
        null
      ],
      "/home/ec2-user/environment/test/cs606project/app/controllers/session_controller.rb": [
        1,
        1,
        null,
        null,
        1,
        2,
        null,
        2,
        1,
        1,
        null,
        1,
        1,
        null,
        null,
        null,
        null,
        null,
        null,
        null,
        null,
        null,
        null,
        null,
        null
      ],
      "/home/ec2-user/environment/test/cs606project/app/controllers/suits_controller.rb": [
        1,
        1,
        1,
        2,
        null,
        1,
        2,
        null,
        null,
        1,
        null,
        null,
        1,
        4,
        4,
        0,
        null,
        4,
        null,
        2,
        2,
        null,
        2,
        null,
        null,
        1,
        0,
        0,
        0,
        null,
        0,
        null,
        null,
        null,
        1,
        null,
        null,
        null,
        1,
        0,
        0,
        0,
        null,
        null,
        1,
        1,
        0,
        null,
        null,
        1,
        4,
        null,
        null
      ],
      "/home/ec2-user/environment/test/cs606project/app/controllers/users_controller.rb": [
        1,
        1,
        2,
        null,
        1,
        2,
        null,
        1,
        4,
        4,
        2,
        2,
        null,
        2,
        null,
        null,
        1,
        1,
        null,
        1,
        6,
        6,
        null,
        4,
        null,
        2,
        null,
        null,
        1,
        3,
        null,
        1,
        2,
        2,
        2,
        2,
        null,
        null,
        1,
        1,
        10,
        null,
        null,
        null
      ],
      "/home/ec2-user/environment/test/cs606project/app/models/admin.rb": [
        1,
        1,
        null,
        1,
        null,
        1,
        null,
        null,
        1,
        1,
        null,
        1,
        null,
        null,
        null,
        null,
        null,
        null,
        null,
        null
      ],
      "/home/ec2-user/environment/test/cs606project/app/models/user.rb": [
        1,
        1,
        1,
        1,
        null,
        1,
        null,
        1,
        1,
        null,
        null,
        null,
        1,
        1,
        null,
        1,
        null,
        null,
        null,
        null,
        null,
        null,
        null,
        null
      ],
      "/home/ec2-user/environment/test/cs606project/app/controllers/pages_controller.rb": [
        0,
        0,
        0,
        null,
        0,
        0,
        0
      ]
    },
    "timestamp": 1521920649
  }
}
